Removed Pin From Net: NetName=NetC1_3.3V_2 Pin=F3-2
Removed Member From Class: ClassName=03 TOPOLOGY Member=F1
Removed Member From Class: ClassName=03 TOPOLOGY Member=F3
Removed Member From Class: ClassName=03 TOPOLOGY Member=F5
Removed Member From Class: ClassName=03 TOPOLOGY Member=F7
Added Pin To Net: NetName=NetC1_3.3V_2 Pin=C1_1.8V-2
Added Pin To Net: NetName=NetC1_3.3V_2 Pin=C1_2.5V-2
Added Pin To Net: NetName=NetC1_3.3V_2 Pin=C1_5V-2
Added Pin To Net: NetName=NetC1_3.3V_2 Pin=C2_1.8V-2
Added Pin To Net: NetName=NetC1_3.3V_2 Pin=C2_2.5V-2
Added Pin To Net: NetName=NetC1_3.3V_2 Pin=C2_5V-2
Added Pin To Net: NetName=NetC1_3.3V_2 Pin=J2-1
Added Pin To Net: NetName=NetC1_3.3V_2 Pin=J2-1
Added Pin To Net: NetName=NetC1_3.3V_2 Pin=J3-1
Added Pin To Net: NetName=NetC1_3.3V_2 Pin=J3-4
Added Pin To Net: NetName=NetC1_3.3V_2 Pin=J3-5
Added Pin To Net: NetName=NetC1_3.3V_2 Pin=J3-8
Added Pin To Net: NetName=NetC1_3.3V_2 Pin=U1_1.8V-A1
Added Pin To Net: NetName=NetC1_3.3V_2 Pin=U1_1.8V-B1
Added Pin To Net: NetName=NetC1_3.3V_2 Pin=U1_1.8V-C1
Added Pin To Net: NetName=NetC1_3.3V_2 Pin=U1_1.8V-D1
Added Pin To Net: NetName=NetC1_3.3V_2 Pin=U1_1.8V-E1
Added Pin To Net: NetName=NetC1_3.3V_2 Pin=U1_1.8V-E4
Added Pin To Net: NetName=NetC1_3.3V_2 Pin=U1_1.8V-F1
Added Pin To Net: NetName=NetC1_3.3V_2 Pin=U1_2.5V-A1
Added Pin To Net: NetName=NetC1_3.3V_2 Pin=U1_2.5V-B1
Added Pin To Net: NetName=NetC1_3.3V_2 Pin=U1_2.5V-C1
Added Pin To Net: NetName=NetC1_3.3V_2 Pin=U1_2.5V-D1
Added Pin To Net: NetName=NetC1_3.3V_2 Pin=U1_2.5V-E1
Added Pin To Net: NetName=NetC1_3.3V_2 Pin=U1_2.5V-E4
Added Pin To Net: NetName=NetC1_3.3V_2 Pin=U1_2.5V-F1
Added Pin To Net: NetName=NetC1_3.3V_2 Pin=U1_5V-A1
Added Pin To Net: NetName=NetC1_3.3V_2 Pin=U1_5V-B1
Added Pin To Net: NetName=NetC1_3.3V_2 Pin=U1_5V-C1
Added Pin To Net: NetName=NetC1_3.3V_2 Pin=U1_5V-D1
Added Pin To Net: NetName=NetC1_3.3V_2 Pin=U1_5V-E1
Added Pin To Net: NetName=NetC1_3.3V_2 Pin=U1_5V-E4
Added Pin To Net: NetName=NetC1_3.3V_2 Pin=U1_5V-F1
Change Net Name : Old Net Name=NetC1_3.3V_2 New Net Name=+VIN
Added Room: Name=03 TOPOLOGY
