Removed Pin From Net: NetName=NetC3_5V_2 Pin=F2-1
Removed Pin From Net: NetName=NetC3_3.3V_2 Pin=F4-1
Removed Pin From Net: NetName=NetC3_2.5V_2 Pin=F6-1
Removed Pin From Net: NetName=NetC3_1.8V_2 Pin=F8-1
Removed Pin From Net: NetName=+VIN Pin=J2-1
Removed Pin From Net: NetName=+VIN Pin=J2-1
Removed Pin From Net: NetName=+VIN Pin=J3-1
Removed Pin From Net: NetName=+VIN Pin=J3-4
Removed Pin From Net: NetName=+VIN Pin=J3-5
Removed Pin From Net: NetName=+VIN Pin=J3-8
Removed Member From Class: ClassName=03 TOPOLOGY Member=F2
Removed Member From Class: ClassName=03 TOPOLOGY Member=F4
Removed Member From Class: ClassName=03 TOPOLOGY Member=F6
Removed Member From Class: ClassName=03 TOPOLOGY Member=F8
Added Component: Designator=C8(TANTAL/2917)
Add component (AddParameter): Name = "ComponentLink1Description"; Value = "Datasheet"; VariantName = "[No Variations]"
Add component (AddParameter): Name = "ComponentLink1URL"; Value = "https://connect.kemet.com:7667/gateway/IntelliData-ComponentDocumentation/1.0/download/datasheet/T491D227K016AT"; VariantName = "[No Variations]"
Add component (AddParameter): Name = "MPN"; Value = "T491D227K016AT"; VariantName = "[No Variations]"
Added Component: Designator=C9(TANTAL/2917)
Add component (AddParameter): Name = "ComponentLink1Description"; Value = "Datasheet"; VariantName = "[No Variations]"
Add component (AddParameter): Name = "ComponentLink1URL"; Value = "https://connect.kemet.com:7667/gateway/IntelliData-ComponentDocumentation/1.0/download/datasheet/T491D227K016AT"; VariantName = "[No Variations]"
Add component (AddParameter): Name = "MPN"; Value = "T491D227K016AT"; VariantName = "[No Variations]"
Added Component: Designator=C10(CAPC2012X14M)
Add component (AddParameter): Name = "ComponentLink1Description"; Value = "Datasheet"; VariantName = "[No Variations]"
Add component (AddParameter): Name = "ComponentLink1URL"; Value = "https://search.murata.co.jp/Ceramy/image/img/A01X/G101/ENG/GRT21BR61E226ME13-01.pdf"; VariantName = "[No Variations]"
Add component (AddParameter): Name = "MPN"; Value = "GRT21BR61E226ME13L"; VariantName = "[No Variations]"
Added Component: Designator=C11(CAPC1005X07M)
Add component (AddParameter): Name = "ComponentLink1Description"; Value = "Datasheet"; VariantName = "[No Variations]"
Add component (AddParameter): Name = "ComponentLink1URL"; Value = "https://connect.kemet.com:7667/gateway/IntelliData-ComponentDocumentation/1.0/download/datasheet/C0402C132J5GAC7867"; VariantName = "[No Variations]"
Add component (AddParameter): Name = "MPN"; Value = "C0402C132J5GAC7867"; VariantName = "[No Variations]"
Added Component: Designator=C12(CAPC1005X07M)
Add component (AddParameter): Name = "ComponentLink1Description"; Value = "Datasheet"; VariantName = "[No Variations]"
Add component (AddParameter): Name = "ComponentLink1URL"; Value = "https://www.yageo.com/upload/media/product/productsearch/datasheet/mlcc/UPY-GPHC_X7R_6.3V-to-250V_23.pdf"; VariantName = "[No Variations]"
Add component (AddParameter): Name = "MPN"; Value = "CC0402KRX7R7BB562"; VariantName = "[No Variations]"
Added Component: Designator=J5(2074190081)
Add component (AddParameter): Name = "ComponentLink1Description"; Value = "Datasheet"; VariantName = "[No Variations]"
Add component (AddParameter): Name = "ComponentLink1URL"; Value = "https://www.molex.com/pdm_docs/sd/2074190081_sd.pdf"; VariantName = "[No Variations]"
Add component (AddParameter): Name = "MPN"; Value = "2074190081"; VariantName = "[No Variations]"
Added Component: Designator=J6(2074190081)
Add component (AddParameter): Name = "ComponentLink1Description"; Value = "Datasheet"; VariantName = "[No Variations]"
Add component (AddParameter): Name = "ComponentLink1URL"; Value = "https://www.molex.com/pdm_docs/sd/2074190081_sd.pdf"; VariantName = "[No Variations]"
Add component (AddParameter): Name = "MPN"; Value = "2074190081"; VariantName = "[No Variations]"
Added Component: Designator=R7(RESC1005X04M)
Add component (AddParameter): Name = "ComponentLink1Description"; Value = "Datasheet"; VariantName = "[No Variations]"
Add component (AddParameter): Name = "ComponentLink1URL"; Value = "https://www.seielect.com/Catalog/SEI-RMCF_RMCP.pdf"; VariantName = "[No Variations]"
Add component (AddParameter): Name = "MPN"; Value = "RMCF0402FT470K"; VariantName = "[No Variations]"
Added Component: Designator=R8(RESC1005X04M)
Add component (AddParameter): Name = "ComponentLink1Description"; Value = "Datasheet"; VariantName = "[No Variations]"
Add component (AddParameter): Name = "ComponentLink1URL"; Value = "https://industrial.panasonic.com/cdbs/www-data/pdf/RDA0000/AOA0000C304.pdf"; VariantName = "[No Variations]"
Add component (AddParameter): Name = "MPN"; Value = "ERJ-2RKF4702X"; VariantName = "[No Variations]"
Added Component: Designator=R9(RESC1005X04M)
Add component (AddParameter): Name = "ComponentLink1Description"; Value = "Datasheet"; VariantName = "[No Variations]"
Add component (AddParameter): Name = "ComponentLink1URL"; Value = "https://www.yageo.com/upload/media/product/productsearch/datasheet/rchip/PYu-RC_Group_51_RoHS_L_12.pdf"; VariantName = "[No Variations]"
Add component (AddParameter): Name = "MPN"; Value = "RC0402FR-0711KL"; VariantName = "[No Variations]"
Added Component: Designator=R10(RESC1005X04M)
Add component (AddParameter): Name = "ComponentLink1Description"; Value = "Datasheet"; VariantName = "[No Variations]"
Add component (AddParameter): Name = "ComponentLink1URL"; Value = "https://industrial.panasonic.com/cdbs/www-data/pdf/RDA0000/AOA0000C304.pdf"; VariantName = "[No Variations]"
Add component (AddParameter): Name = "MPN"; Value = "ERJ-2RKF4702X"; VariantName = "[No Variations]"
Added Component: Designator=R11(RESC1005X04M)
Add component (AddParameter): Name = "ComponentLink1Description"; Value = "Datasheet"; VariantName = "[No Variations]"
Add component (AddParameter): Name = "ComponentLink1URL"; Value = "https://www.yageo.com/upload/media/product/productsearch/datasheet/rchip/PYu-RC_Group_51_RoHS_L_12.pdf"; VariantName = "[No Variations]"
Add component (AddParameter): Name = "MPN"; Value = "RC0402FR-07750RL"; VariantName = "[No Variations]"
Added Component: Designator=U2(QFN45P200X200X100-16L)
Add component (AddParameter): Name = "ComponentLink1Description"; Value = "Datasheet"; VariantName = "[No Variations]"
Add component (AddParameter): Name = "ComponentLink1URL"; Value = "https://www.ti.com/lit/ds/symlink/tps2597.pdf?ts=1677802120032"; VariantName = "[No Variations]"
Add component (AddParameter): Name = "MPN"; Value = "TPS25970ARPWR"; VariantName = "[No Variations]"
Added Pin To Net: NetName=+VIN Pin=C8-1
Added Pin To Net: NetName=GND Pin=C8-2
Added Pin To Net: NetName=+VIN Pin=C9-1
Added Pin To Net: NetName=GND Pin=C9-2
Added Pin To Net: NetName=GND Pin=C10-1
Added Pin To Net: NetName=GND Pin=C11-1
Added Pin To Net: NetName=GND Pin=C12-1
Added Pin To Net: NetName=NetC3_5V_2 Pin=J1-1
Added Pin To Net: NetName=NetC3_5V_2 Pin=J1-4
Added Pin To Net: NetName=NetC3_5V_2 Pin=J1-5
Added Pin To Net: NetName=NetC3_5V_2 Pin=J1-8
Added Pin To Net: NetName=NetC3_3.3V_2 Pin=J4-1
Added Pin To Net: NetName=NetC3_3.3V_2 Pin=J4-4
Added Pin To Net: NetName=NetC3_3.3V_2 Pin=J4-5
Added Pin To Net: NetName=NetC3_3.3V_2 Pin=J4-8
Added Pin To Net: NetName=NetC3_2.5V_2 Pin=J5-1
Added Pin To Net: NetName=GND Pin=J5-2
Added Pin To Net: NetName=GND Pin=J5-3
Added Pin To Net: NetName=NetC3_2.5V_2 Pin=J5-4
Added Pin To Net: NetName=NetC3_2.5V_2 Pin=J5-5
Added Pin To Net: NetName=GND Pin=J5-6
Added Pin To Net: NetName=GND Pin=J5-7
Added Pin To Net: NetName=NetC3_2.5V_2 Pin=J5-8
Added Pin To Net: NetName=GND Pin=J5-SHLD
Added Pin To Net: NetName=GND Pin=J5-SHLD
Added Pin To Net: NetName=GND Pin=J5-SHLD
Added Pin To Net: NetName=GND Pin=J5-SHLD
Added Pin To Net: NetName=NetC3_1.8V_2 Pin=J6-1
Added Pin To Net: NetName=GND Pin=J6-2
Added Pin To Net: NetName=GND Pin=J6-3
Added Pin To Net: NetName=NetC3_1.8V_2 Pin=J6-4
Added Pin To Net: NetName=NetC3_1.8V_2 Pin=J6-5
Added Pin To Net: NetName=GND Pin=J6-6
Added Pin To Net: NetName=GND Pin=J6-7
Added Pin To Net: NetName=NetC3_1.8V_2 Pin=J6-8
Added Pin To Net: NetName=GND Pin=J6-SHLD
Added Pin To Net: NetName=GND Pin=J6-SHLD
Added Pin To Net: NetName=GND Pin=J6-SHLD
Added Pin To Net: NetName=GND Pin=J6-SHLD
Added Pin To Net: NetName=GND Pin=R10-1
Added Pin To Net: NetName=GND Pin=R11-1
Added Pin To Net: NetName=+VIN Pin=U2-6
Added Pin To Net: NetName=GND Pin=U2-8
Change Net Name : Old Net Name=+VIN New Net Name=VCC
Change Net Name : Old Net Name=NetC3_1.8V_2 New Net Name=+1V8
Change Net Name : Old Net Name=NetC3_2.5V_2 New Net Name=+2V5
Change Net Name : Old Net Name=NetC3_3.3V_2 New Net Name=+3V3
Change Net Name : Old Net Name=NetC3_5V_2 New Net Name=+5V
Change Net Name : Old Net Name=NetC7_1.8V_2 New Net Name=SS/TR_1.8V
Change Net Name : Old Net Name=NetC7_2.5V_2 New Net Name=SS/TR_2.5V
Change Net Name : Old Net Name=NetC7_3.3V_2 New Net Name=SS/TR_3.3V
Change Net Name : Old Net Name=NetC7_5V_2 New Net Name=SS/TR_5V
Change Net Name : Old Net Name=NetL1_1.8V_1 New Net Name=SW1_1.8V
Change Net Name : Old Net Name=NetL1_2.5V_1 New Net Name=SW1_2.5V
Change Net Name : Old Net Name=NetL1_3.3V_1 New Net Name=SW1_3.3V
Change Net Name : Old Net Name=NetL1_5V_1 New Net Name=SW1_5V
Change Net Name : Old Net Name=NetL2_1.8V_1 New Net Name=SW2_1.8V
Change Net Name : Old Net Name=NetL2_2.5V_1 New Net Name=SW2_2.5V
Change Net Name : Old Net Name=NetL2_3.3V_1 New Net Name=SW2_3.3V
Change Net Name : Old Net Name=NetL2_5V_1 New Net Name=SW2_5V
Change Net Name : Old Net Name=NetR5_1.8V_1 New Net Name=Power Good_1.8V
Change Net Name : Old Net Name=NetR5_2.5V_1 New Net Name=Power Good_2.5V
Change Net Name : Old Net Name=NetR5_3.3V_1 New Net Name=Power Good_3.3V
Change Net Name : Old Net Name=NetR5_5V_1 New Net Name=Power Good_5V
Added Pin To Net: NetName=DVDT Pin=C12-2
Added Pin To Net: NetName=DVDT Pin=U2-7
Added Pin To Net: NetName=DVDT Pin=U2-7
Added Net: Name=DVDT
Added Pin To Net: NetName=ILIM Pin=R11-2
Added Pin To Net: NetName=ILIM Pin=U2-9
Added Net: Name=ILIM
Added Pin To Net: NetName=ITIMER Pin=C11-2
Added Pin To Net: NetName=ITIMER Pin=U2-10
Added Pin To Net: NetName=ITIMER Pin=U2-10
Added Net: Name=ITIMER
Added Pin To Net: NetName=NetR8_1 Pin=R8-1
Added Pin To Net: NetName=NetR8_1 Pin=U2-4
Added Net: Name=NetR8_1
Added Pin To Net: NetName=OVLO Pin=R9-1
Added Pin To Net: NetName=OVLO Pin=R10-2
Added Pin To Net: NetName=OVLO Pin=U2-2
Added Net: Name=OVLO
Added Pin To Net: NetName=UVLO Pin=R7-1
Added Pin To Net: NetName=UVLO Pin=R9-2
Added Pin To Net: NetName=UVLO Pin=U2-1
Added Pin To Net: NetName=UVLO Pin=U2-1
Added Net: Name=UVLO
Added Pin To Net: NetName=VIN Pin=C10-2
Added Pin To Net: NetName=VIN Pin=J2-1
Added Pin To Net: NetName=VIN Pin=J2-1
Added Pin To Net: NetName=VIN Pin=J3-1
Added Pin To Net: NetName=VIN Pin=J3-4
Added Pin To Net: NetName=VIN Pin=J3-5
Added Pin To Net: NetName=VIN Pin=J3-8
Added Pin To Net: NetName=VIN Pin=R7-2
Added Pin To Net: NetName=VIN Pin=U2-5
Added Pin To Net: NetName=VIN Pin=U2-5
Added Net: Name=VIN
Added Member To Class: ClassName=03 TOPOLOGY Member=Component C8 220uF/16V
Added Member To Class: ClassName=03 TOPOLOGY Member=Component C9 220uF/16V
Added Member To Class: ClassName=03 TOPOLOGY Member=Component C10 22uF/25V
Added Member To Class: ClassName=03 TOPOLOGY Member=Component C11 1.3nF/50V
Added Member To Class: ClassName=03 TOPOLOGY Member=Component C12 5.6nF/16V
Added Member To Class: ClassName=03 TOPOLOGY Member=Component J5 2074190081
Added Member To Class: ClassName=03 TOPOLOGY Member=Component J6 2074190081
Added Member To Class: ClassName=03 TOPOLOGY Member=Component R7 470k/1%
Added Member To Class: ClassName=03 TOPOLOGY Member=Component R8 47k/1%
Added Member To Class: ClassName=03 TOPOLOGY Member=Component R9 11k/1%
Added Member To Class: ClassName=03 TOPOLOGY Member=Component R10 47k/1%
Added Member To Class: ClassName=03 TOPOLOGY Member=Component R11 750/1%
Added Member To Class: ClassName=03 TOPOLOGY Member=Component U2 TPS25970ARPWR
Added Room: Name=03 TOPOLOGY
