Change Physical Footprint: Designator=C1_1.8V Old Footprint=CAPC3225X27M New Footprint=CAPC3225X27M
Change Physical Footprint: Designator=C1_2.5V Old Footprint=CAPC3225X27M New Footprint=CAPC3225X27M
Change Physical Footprint: Designator=C1_3.3V Old Footprint=CAPC3225X27M New Footprint=CAPC3225X27M
Change Physical Footprint: Designator=C1_5V Old Footprint=CAPC3225X27M New Footprint=CAPC3225X27M
Change Physical Footprint: Designator=C2_1.8V Old Footprint=CAPC3225X27M New Footprint=CAPC3225X27M
Change Physical Footprint: Designator=C2_2.5V Old Footprint=CAPC3225X27M New Footprint=CAPC3225X27M
Change Physical Footprint: Designator=C2_3.3V Old Footprint=CAPC3225X27M New Footprint=CAPC3225X27M
Change Physical Footprint: Designator=C2_5V Old Footprint=CAPC3225X27M New Footprint=CAPC3225X27M
Change Physical Footprint: Designator=C3_1.8V Old Footprint=CAPC3225X27M New Footprint=CAPC3225X27M
Change Physical Footprint: Designator=C3_2.5V Old Footprint=CAPC3225X27M New Footprint=CAPC3225X27M
Change Physical Footprint: Designator=C3_3.3V Old Footprint=CAPC3225X27M New Footprint=CAPC3225X27M
Change Physical Footprint: Designator=C3_5V Old Footprint=CAPC3225X27M New Footprint=CAPC3225X27M
Change Physical Footprint: Designator=C4_1.8V Old Footprint=CAPC3225X27M New Footprint=CAPC3225X27M
Change Physical Footprint: Designator=C4_2.5V Old Footprint=CAPC3225X27M New Footprint=CAPC3225X27M
Change Physical Footprint: Designator=C4_3.3V Old Footprint=CAPC3225X27M New Footprint=CAPC3225X27M
Change Physical Footprint: Designator=C4_5V Old Footprint=CAPC3225X27M New Footprint=CAPC3225X27M
Change Physical Footprint: Designator=C5_1.8V Old Footprint=CAPC3225X27M New Footprint=CAPC3225X27M
Change Physical Footprint: Designator=C5_2.5V Old Footprint=CAPC3225X27M New Footprint=CAPC3225X27M
Change Physical Footprint: Designator=C5_3.3V Old Footprint=CAPC3225X27M New Footprint=CAPC3225X27M
Change Physical Footprint: Designator=C5_5V Old Footprint=CAPC3225X27M New Footprint=CAPC3225X27M
Change Physical Footprint: Designator=C6_1.8V Old Footprint=CAPC3225X27M New Footprint=CAPC3225X27M
Change Physical Footprint: Designator=C6_2.5V Old Footprint=CAPC3225X27M New Footprint=CAPC3225X27M
Change Physical Footprint: Designator=C6_3.3V Old Footprint=CAPC3225X27M New Footprint=CAPC3225X27M
Change Physical Footprint: Designator=C6_5V Old Footprint=CAPC3225X27M New Footprint=CAPC3225X27M
Change Physical Footprint: Designator=C7_1.8V Old Footprint=CAPC1005X07M New Footprint=CAPC1005X07M
Change Physical Footprint: Designator=C7_2.5V Old Footprint=CAPC1005X07M New Footprint=CAPC1005X07M
Change Physical Footprint: Designator=C7_3.3V Old Footprint=CAPC1005X07M New Footprint=CAPC1005X07M
Change Physical Footprint: Designator=L1_1.8V Old Footprint=INDP3030X20M New Footprint=INDP3030X20M
Change Physical Footprint: Designator=L1_2.5V Old Footprint=INDP3030X20M New Footprint=INDP3030X20M
Change Physical Footprint: Designator=L1_3.3V Old Footprint=INDP3030X20M New Footprint=INDP3030X20M
Change Physical Footprint: Designator=L1_5V Old Footprint=INDP3030X20M New Footprint=INDP3030X20M
Change Physical Footprint: Designator=L2_1.8V Old Footprint=INDP3030X20M New Footprint=INDP3030X20M
Change Physical Footprint: Designator=L2_2.5V Old Footprint=INDP3030X20M New Footprint=INDP3030X20M
Change Physical Footprint: Designator=L2_3.3V Old Footprint=INDP3030X20M New Footprint=INDP3030X20M
Change Physical Footprint: Designator=L2_5V Old Footprint=INDP3030X20M New Footprint=INDP3030X20M
Change Physical Footprint: Designator=R5_5V Old Footprint=RESC1005X04M New Footprint=RESC1005X04M
Change Physical Footprint: Designator=R6_5V Old Footprint=RESC1005X04M New Footprint=RESC1005X04M
