Added Component: Designator=C1_1.8V(CAPC3225X27M)
Add component (AddParameter): Name = "ComponentLink1Description"; Value = "Datasheet"; VariantName = "[No Variations]"
Add component (AddParameter): Name = "ComponentLink1URL"; Value = "https://search.murata.co.jp/Ceramy/image/img/A01X/G101/ENG/GRM32ER71E226KE15-01.pdf"; VariantName = "[No Variations]"
Add component (AddParameter): Name = "MPN"; Value = "GRM32ER71E226KE15L"; VariantName = "[No Variations]"
Added Component: Designator=C1_2.5V(CAPC3225X27M)
Add component (AddParameter): Name = "ComponentLink1Description"; Value = "Datasheet"; VariantName = "[No Variations]"
Add component (AddParameter): Name = "ComponentLink1URL"; Value = "https://search.murata.co.jp/Ceramy/image/img/A01X/G101/ENG/GRM32ER71E226KE15-01.pdf"; VariantName = "[No Variations]"
Add component (AddParameter): Name = "MPN"; Value = "GRM32ER71E226KE15L"; VariantName = "[No Variations]"
Added Component: Designator=C1_3.3V(CAPC3225X27M)
Add component (AddParameter): Name = "ComponentLink1Description"; Value = "Datasheet"; VariantName = "[No Variations]"
Add component (AddParameter): Name = "ComponentLink1URL"; Value = "https://search.murata.co.jp/Ceramy/image/img/A01X/G101/ENG/GRM32ER71E226KE15-01.pdf"; VariantName = "[No Variations]"
Add component (AddParameter): Name = "MPN"; Value = "GRM32ER71E226KE15L"; VariantName = "[No Variations]"
Added Component: Designator=C1_5V(CAPC3225X27M)
Add component (AddParameter): Name = "ComponentLink1Description"; Value = "Datasheet"; VariantName = "[No Variations]"
Add component (AddParameter): Name = "ComponentLink1URL"; Value = "https://search.murata.co.jp/Ceramy/image/img/A01X/G101/ENG/GRM32ER71E226KE15-01.pdf"; VariantName = "[No Variations]"
Add component (AddParameter): Name = "MPN"; Value = "GRM32ER71E226KE15L"; VariantName = "[No Variations]"
Added Component: Designator=C2_1.8V(CAPC3225X27M)
Add component (AddParameter): Name = "ComponentLink1Description"; Value = "Datasheet"; VariantName = "[No Variations]"
Add component (AddParameter): Name = "ComponentLink1URL"; Value = "https://search.murata.co.jp/Ceramy/image/img/A01X/G101/ENG/GRM32ER71E226KE15-01.pdf"; VariantName = "[No Variations]"
Add component (AddParameter): Name = "MPN"; Value = "GRM32ER71E226KE15L"; VariantName = "[No Variations]"
Added Component: Designator=C2_2.5V(CAPC3225X27M)
Add component (AddParameter): Name = "ComponentLink1Description"; Value = "Datasheet"; VariantName = "[No Variations]"
Add component (AddParameter): Name = "ComponentLink1URL"; Value = "https://search.murata.co.jp/Ceramy/image/img/A01X/G101/ENG/GRM32ER71E226KE15-01.pdf"; VariantName = "[No Variations]"
Add component (AddParameter): Name = "MPN"; Value = "GRM32ER71E226KE15L"; VariantName = "[No Variations]"
Added Component: Designator=C2_3.3V(CAPC3225X27M)
Add component (AddParameter): Name = "ComponentLink1Description"; Value = "Datasheet"; VariantName = "[No Variations]"
Add component (AddParameter): Name = "ComponentLink1URL"; Value = "https://search.murata.co.jp/Ceramy/image/img/A01X/G101/ENG/GRM32ER71E226KE15-01.pdf"; VariantName = "[No Variations]"
Add component (AddParameter): Name = "MPN"; Value = "GRM32ER71E226KE15L"; VariantName = "[No Variations]"
Added Component: Designator=C2_5V(CAPC3225X27M)
Add component (AddParameter): Name = "ComponentLink1Description"; Value = "Datasheet"; VariantName = "[No Variations]"
Add component (AddParameter): Name = "ComponentLink1URL"; Value = "https://search.murata.co.jp/Ceramy/image/img/A01X/G101/ENG/GRM32ER71E226KE15-01.pdf"; VariantName = "[No Variations]"
Add component (AddParameter): Name = "MPN"; Value = "GRM32ER71E226KE15L"; VariantName = "[No Variations]"
Added Component: Designator=C3_1.8V(CAPC3225X27M)
Add component (AddParameter): Name = "ComponentLink1Description"; Value = "Datasheet"; VariantName = "[No Variations]"
Add component (AddParameter): Name = "ComponentLink1URL"; Value = "https://search.murata.co.jp/Ceramy/image/img/A01X/G101/ENG/GRM32ER61C476KE15-01.pdf"; VariantName = "[No Variations]"
Add component (AddParameter): Name = "MPN"; Value = "GRM32ER61C476KE15L"; VariantName = "[No Variations]"
Added Component: Designator=C3_2.5V(CAPC3225X27M)
Add component (AddParameter): Name = "ComponentLink1Description"; Value = "Datasheet"; VariantName = "[No Variations]"
Add component (AddParameter): Name = "ComponentLink1URL"; Value = "https://search.murata.co.jp/Ceramy/image/img/A01X/G101/ENG/GRM32ER61C476KE15-01.pdf"; VariantName = "[No Variations]"
Add component (AddParameter): Name = "MPN"; Value = "GRM32ER61C476KE15L"; VariantName = "[No Variations]"
Added Component: Designator=C3_3.3V(CAPC3225X27M)
Add component (AddParameter): Name = "ComponentLink1Description"; Value = "Datasheet"; VariantName = "[No Variations]"
Add component (AddParameter): Name = "ComponentLink1URL"; Value = "https://search.murata.co.jp/Ceramy/image/img/A01X/G101/ENG/GRM32ER61C476KE15-01.pdf"; VariantName = "[No Variations]"
Add component (AddParameter): Name = "MPN"; Value = "GRM32ER61C476KE15L"; VariantName = "[No Variations]"
Added Component: Designator=C3_5V(CAPC3225X27M)
Add component (AddParameter): Name = "ComponentLink1Description"; Value = "Datasheet"; VariantName = "[No Variations]"
Add component (AddParameter): Name = "ComponentLink1URL"; Value = "https://search.murata.co.jp/Ceramy/image/img/A01X/G101/ENG/GRM32ER61C476KE15-01.pdf"; VariantName = "[No Variations]"
Add component (AddParameter): Name = "MPN"; Value = "GRM32ER61C476KE15L"; VariantName = "[No Variations]"
Added Component: Designator=C4_1.8V(CAPC3225X27M)
Add component (AddParameter): Name = "ComponentLink1Description"; Value = "Datasheet"; VariantName = "[No Variations]"
Add component (AddParameter): Name = "ComponentLink1URL"; Value = "https://search.murata.co.jp/Ceramy/image/img/A01X/G101/ENG/GRM32ER61C476KE15-01.pdf"; VariantName = "[No Variations]"
Add component (AddParameter): Name = "MPN"; Value = "GRM32ER61C476KE15L"; VariantName = "[No Variations]"
Added Component: Designator=C4_2.5V(CAPC3225X27M)
Add component (AddParameter): Name = "ComponentLink1Description"; Value = "Datasheet"; VariantName = "[No Variations]"
Add component (AddParameter): Name = "ComponentLink1URL"; Value = "https://search.murata.co.jp/Ceramy/image/img/A01X/G101/ENG/GRM32ER61C476KE15-01.pdf"; VariantName = "[No Variations]"
Add component (AddParameter): Name = "MPN"; Value = "GRM32ER61C476KE15L"; VariantName = "[No Variations]"
Added Component: Designator=C4_3.3V(CAPC3225X27M)
Add component (AddParameter): Name = "ComponentLink1Description"; Value = "Datasheet"; VariantName = "[No Variations]"
Add component (AddParameter): Name = "ComponentLink1URL"; Value = "https://search.murata.co.jp/Ceramy/image/img/A01X/G101/ENG/GRM32ER61C476KE15-01.pdf"; VariantName = "[No Variations]"
Add component (AddParameter): Name = "MPN"; Value = "GRM32ER61C476KE15L"; VariantName = "[No Variations]"
Added Component: Designator=C4_5V(CAPC3225X27M)
Add component (AddParameter): Name = "ComponentLink1Description"; Value = "Datasheet"; VariantName = "[No Variations]"
Add component (AddParameter): Name = "ComponentLink1URL"; Value = "https://search.murata.co.jp/Ceramy/image/img/A01X/G101/ENG/GRM32ER61C476KE15-01.pdf"; VariantName = "[No Variations]"
Add component (AddParameter): Name = "MPN"; Value = "GRM32ER61C476KE15L"; VariantName = "[No Variations]"
Added Component: Designator=C5_1.8V(CAPC3225X27M)
Add component (AddParameter): Name = "ComponentLink1Description"; Value = "Datasheet"; VariantName = "[No Variations]"
Add component (AddParameter): Name = "ComponentLink1URL"; Value = "https://search.murata.co.jp/Ceramy/image/img/A01X/G101/ENG/GRM32ER61C476KE15-01.pdf"; VariantName = "[No Variations]"
Add component (AddParameter): Name = "MPN"; Value = "GRM32ER61C476KE15L"; VariantName = "[No Variations]"
Added Component: Designator=C5_2.5V(CAPC3225X27M)
Add component (AddParameter): Name = "ComponentLink1Description"; Value = "Datasheet"; VariantName = "[No Variations]"
Add component (AddParameter): Name = "ComponentLink1URL"; Value = "https://search.murata.co.jp/Ceramy/image/img/A01X/G101/ENG/GRM32ER61C476KE15-01.pdf"; VariantName = "[No Variations]"
Add component (AddParameter): Name = "MPN"; Value = "GRM32ER61C476KE15L"; VariantName = "[No Variations]"
Added Component: Designator=C5_3.3V(CAPC3225X27M)
Add component (AddParameter): Name = "ComponentLink1Description"; Value = "Datasheet"; VariantName = "[No Variations]"
Add component (AddParameter): Name = "ComponentLink1URL"; Value = "https://search.murata.co.jp/Ceramy/image/img/A01X/G101/ENG/GRM32ER61C476KE15-01.pdf"; VariantName = "[No Variations]"
Add component (AddParameter): Name = "MPN"; Value = "GRM32ER61C476KE15L"; VariantName = "[No Variations]"
Added Component: Designator=C5_5V(CAPC3225X27M)
Add component (AddParameter): Name = "ComponentLink1Description"; Value = "Datasheet"; VariantName = "[No Variations]"
Add component (AddParameter): Name = "ComponentLink1URL"; Value = "https://search.murata.co.jp/Ceramy/image/img/A01X/G101/ENG/GRM32ER61C476KE15-01.pdf"; VariantName = "[No Variations]"
Add component (AddParameter): Name = "MPN"; Value = "GRM32ER61C476KE15L"; VariantName = "[No Variations]"
Added Component: Designator=C6_1.8V(CAPC3225X27M)
Add component (AddParameter): Name = "ComponentLink1Description"; Value = "Datasheet"; VariantName = "[No Variations]"
Add component (AddParameter): Name = "ComponentLink1URL"; Value = "https://search.murata.co.jp/Ceramy/image/img/A01X/G101/ENG/GRM32ER61C476KE15-01.pdf"; VariantName = "[No Variations]"
Add component (AddParameter): Name = "MPN"; Value = "GRM32ER61C476KE15L"; VariantName = "[No Variations]"
Added Component: Designator=C6_2.5V(CAPC3225X27M)
Add component (AddParameter): Name = "ComponentLink1Description"; Value = "Datasheet"; VariantName = "[No Variations]"
Add component (AddParameter): Name = "ComponentLink1URL"; Value = "https://search.murata.co.jp/Ceramy/image/img/A01X/G101/ENG/GRM32ER61C476KE15-01.pdf"; VariantName = "[No Variations]"
Add component (AddParameter): Name = "MPN"; Value = "GRM32ER61C476KE15L"; VariantName = "[No Variations]"
Added Component: Designator=C6_3.3V(CAPC3225X27M)
Add component (AddParameter): Name = "ComponentLink1Description"; Value = "Datasheet"; VariantName = "[No Variations]"
Add component (AddParameter): Name = "ComponentLink1URL"; Value = "https://search.murata.co.jp/Ceramy/image/img/A01X/G101/ENG/GRM32ER61C476KE15-01.pdf"; VariantName = "[No Variations]"
Add component (AddParameter): Name = "MPN"; Value = "GRM32ER61C476KE15L"; VariantName = "[No Variations]"
Added Component: Designator=C6_5V(CAPC3225X27M)
Add component (AddParameter): Name = "ComponentLink1Description"; Value = "Datasheet"; VariantName = "[No Variations]"
Add component (AddParameter): Name = "ComponentLink1URL"; Value = "https://search.murata.co.jp/Ceramy/image/img/A01X/G101/ENG/GRM32ER61C476KE15-01.pdf"; VariantName = "[No Variations]"
Add component (AddParameter): Name = "MPN"; Value = "GRM32ER61C476KE15L"; VariantName = "[No Variations]"
Added Component: Designator=C7_1.8V(CAPC1005X07M)
Add component (AddParameter): Name = "ComponentLink1Description"; Value = "Datasheet"; VariantName = "[No Variations]"
Add component (AddParameter): Name = "ComponentLink1URL"; Value = "https://www.yageo.com/upload/media/product/productsearch/datasheet/mlcc/UPY-GPHC_X7R_6.3V-to-250V_23.pdf"; VariantName = "[No Variations]"
Add component (AddParameter): Name = "MPN"; Value = "CC0402KRX7R8BB272"; VariantName = "[No Variations]"
Added Component: Designator=C7_2.5V(CAPC1005X07M)
Add component (AddParameter): Name = "ComponentLink1Description"; Value = "Datasheet"; VariantName = "[No Variations]"
Add component (AddParameter): Name = "ComponentLink1URL"; Value = "https://www.yageo.com/upload/media/product/productsearch/datasheet/mlcc/UPY-GPHC_X7R_6.3V-to-250V_23.pdf"; VariantName = "[No Variations]"
Add component (AddParameter): Name = "MPN"; Value = "CC0402KRX7R8BB272"; VariantName = "[No Variations]"
Added Component: Designator=C7_3.3V(CAPC1005X07M)
Add component (AddParameter): Name = "ComponentLink1Description"; Value = "Datasheet"; VariantName = "[No Variations]"
Add component (AddParameter): Name = "ComponentLink1URL"; Value = "https://www.yageo.com/upload/media/product/productsearch/datasheet/mlcc/UPY-GPHC_X7R_6.3V-to-250V_23.pdf"; VariantName = "[No Variations]"
Add component (AddParameter): Name = "MPN"; Value = "CC0402KRX7R8BB272"; VariantName = "[No Variations]"
Added Component: Designator=C7_5V(CAPC1005X07M)
Add component (AddParameter): Name = "ComponentLink1Description"; Value = "Datasheet"; VariantName = "[No Variations]"
Add component (AddParameter): Name = "ComponentLink1URL"; Value = "https://www.yageo.com/upload/media/product/productsearch/datasheet/mlcc/UPY-GPHC_X7R_6.3V-to-250V_23.pdf"; VariantName = "[No Variations]"
Add component (AddParameter): Name = "MPN"; Value = "CC0402KRX7R8BB272"; VariantName = "[No Variations]"
Added Component: Designator=F1(FUSE7451X09N)
Add component (AddParameter): Name = "ComponentLink1Description"; Value = "Datasheet"; VariantName = "[No Variations]"
Add component (AddParameter): Name = "ComponentLink1URL"; Value = "https://www.belfuse.com/resources/datasheets/circuitprotection/ds-cp-0zcf-series.pdf"; VariantName = "[No Variations]"
Add component (AddParameter): Name = "MPN"; Value = "0ZCF0400FF2A"; VariantName = "[No Variations]"
Added Component: Designator=F2(FUSE7451X09N)
Add component (AddParameter): Name = "ComponentLink1Description"; Value = "Datasheet"; VariantName = "[No Variations]"
Add component (AddParameter): Name = "ComponentLink1URL"; Value = "https://www.littelfuse.com/~/media/electronics/datasheets/resettable_ptcs/littelfuse_ptc_2920l_datasheet.pdf.pdf"; VariantName = "[No Variations]"
Add component (AddParameter): Name = "MPN"; Value = "2920L600/12MR"; VariantName = "[No Variations]"
Added Component: Designator=F3(FUSE7451X09N)
Add component (AddParameter): Name = "ComponentLink1Description"; Value = "Datasheet"; VariantName = "[No Variations]"
Add component (AddParameter): Name = "ComponentLink1URL"; Value = "https://www.belfuse.com/resources/datasheets/circuitprotection/ds-cp-0zcf-series.pdf"; VariantName = "[No Variations]"
Add component (AddParameter): Name = "MPN"; Value = "0ZCF0250FF2C"; VariantName = "[No Variations]"
Added Component: Designator=F4(FUSE7451X09N)
Add component (AddParameter): Name = "ComponentLink1Description"; Value = "Datasheet"; VariantName = "[No Variations]"
Add component (AddParameter): Name = "ComponentLink1URL"; Value = "https://www.littelfuse.com/~/media/electronics/datasheets/resettable_ptcs/littelfuse_ptc_2920l_datasheet.pdf.pdf"; VariantName = "[No Variations]"
Add component (AddParameter): Name = "MPN"; Value = "2920L600/12MR"; VariantName = "[No Variations]"
Added Component: Designator=F5(FUSE4632X16N)
Add component (AddParameter): Name = "ComponentLink1Description"; Value = "Datasheet"; VariantName = "[No Variations]"
Add component (AddParameter): Name = "ComponentLink1URL"; Value = "https://www.belfuse.com/resources/datasheets/circuitprotection/ds-cp-0zcg-series.pdf"; VariantName = "[No Variations]"
Add component (AddParameter): Name = "MPN"; Value = "0ZCG0200AF2B"; VariantName = "[No Variations]"
Added Component: Designator=F6(FUSE7451X09N)
Add component (AddParameter): Name = "ComponentLink1Description"; Value = "Datasheet"; VariantName = "[No Variations]"
Add component (AddParameter): Name = "ComponentLink1URL"; Value = "https://www.littelfuse.com/~/media/electronics/datasheets/resettable_ptcs/littelfuse_ptc_2920l_datasheet.pdf.pdf"; VariantName = "[No Variations]"
Add component (AddParameter): Name = "MPN"; Value = "2920L600/12MR"; VariantName = "[No Variations]"
Added Component: Designator=F7(FUSE3216X12N)
Add component (AddParameter): Name = "ComponentLink1Description"; Value = "Datasheet"; VariantName = "[No Variations]"
Add component (AddParameter): Name = "ComponentLink1URL"; Value = "https://www.littelfuse.com/~/media/electronics/datasheets/resettable_ptcs/littelfuse_ptc_1210l_datasheet.pdf.pdf"; VariantName = "[No Variations]"
Add component (AddParameter): Name = "MPN"; Value = "1210L110/16WR"; VariantName = "[No Variations]"
Added Component: Designator=F8(FUSE7451X09N)
Add component (AddParameter): Name = "ComponentLink1Description"; Value = "Datasheet"; VariantName = "[No Variations]"
Add component (AddParameter): Name = "ComponentLink1URL"; Value = "https://www.littelfuse.com/~/media/electronics/datasheets/resettable_ptcs/littelfuse_ptc_2920l_datasheet.pdf.pdf"; VariantName = "[No Variations]"
Add component (AddParameter): Name = "MPN"; Value = "2920L600/12MR"; VariantName = "[No Variations]"
Added Component: Designator=J1(2074190081)
Add component (AddParameter): Name = "ComponentLink1Description"; Value = "Datasheet"; VariantName = "[No Variations]"
Add component (AddParameter): Name = "ComponentLink1URL"; Value = "https://www.molex.com/pdm_docs/sd/2074190081_sd.pdf"; VariantName = "[No Variations]"
Add component (AddParameter): Name = "MPN"; Value = "2074190081"; VariantName = "[No Variations]"
Added Component: Designator=J2(2060-452/998-404)
Add component (AddParameter): Name = "ComponentLink1Description"; Value = "Datasheet"; VariantName = "[No Variations]"
Add component (AddParameter): Name = "ComponentLink1URL"; Value = "https://www.wago.com/global/products/datasheets/Datasheet.pdf?product=2060-452/998-404&lang=en"; VariantName = "[No Variations]"
Add component (AddParameter): Name = "MPN"; Value = "2060-452/998-404"; VariantName = "[No Variations]"
Added Component: Designator=J3(2074190081)
Add component (AddParameter): Name = "ComponentLink1Description"; Value = "Datasheet"; VariantName = "[No Variations]"
Add component (AddParameter): Name = "ComponentLink1URL"; Value = "https://www.molex.com/pdm_docs/sd/2074190081_sd.pdf"; VariantName = "[No Variations]"
Add component (AddParameter): Name = "MPN"; Value = "2074190081"; VariantName = "[No Variations]"
Added Component: Designator=J4(2074190081)
Add component (AddParameter): Name = "ComponentLink1Description"; Value = "Datasheet"; VariantName = "[No Variations]"
Add component (AddParameter): Name = "ComponentLink1URL"; Value = "https://www.molex.com/pdm_docs/sd/2074190081_sd.pdf"; VariantName = "[No Variations]"
Add component (AddParameter): Name = "MPN"; Value = "2074190081"; VariantName = "[No Variations]"
Added Component: Designator=L1_1.8V(INDP3030X20M)
Add component (AddParameter): Name = "ComponentLink1Description"; Value = "Datasheet"; VariantName = "[No Variations]"
Add component (AddParameter): Name = "ComponentLink1URL"; Value = "https://www.vishay.com/docs/34289/lp12bz11.pdf"; VariantName = "[No Variations]"
Add component (AddParameter): Name = "MPN"; Value = "IHLP1212BZER1R0M11"; VariantName = "[No Variations]"
Added Component: Designator=L1_2.5V(INDP3030X20M)
Add component (AddParameter): Name = "ComponentLink1Description"; Value = "Datasheet"; VariantName = "[No Variations]"
Add component (AddParameter): Name = "ComponentLink1URL"; Value = "https://www.vishay.com/docs/34289/lp12bz11.pdf"; VariantName = "[No Variations]"
Add component (AddParameter): Name = "MPN"; Value = "IHLP1212BZER1R0M11"; VariantName = "[No Variations]"
Added Component: Designator=L1_3.3V(INDP3030X20M)
Add component (AddParameter): Name = "ComponentLink1Description"; Value = "Datasheet"; VariantName = "[No Variations]"
Add component (AddParameter): Name = "ComponentLink1URL"; Value = "https://www.vishay.com/docs/34289/lp12bz11.pdf"; VariantName = "[No Variations]"
Add component (AddParameter): Name = "MPN"; Value = "IHLP1212BZER1R0M11"; VariantName = "[No Variations]"
Added Component: Designator=L1_5V(INDP3030X20M)
Add component (AddParameter): Name = "ComponentLink1Description"; Value = "Datasheet"; VariantName = "[No Variations]"
Add component (AddParameter): Name = "ComponentLink1URL"; Value = "https://www.vishay.com/docs/34289/lp12bz11.pdf"; VariantName = "[No Variations]"
Add component (AddParameter): Name = "MPN"; Value = "IHLP1212BZER1R0M11"; VariantName = "[No Variations]"
Added Component: Designator=L2_1.8V(INDP3030X20M)
Add component (AddParameter): Name = "ComponentLink1Description"; Value = "Datasheet"; VariantName = "[No Variations]"
Add component (AddParameter): Name = "ComponentLink1URL"; Value = "https://www.vishay.com/docs/34289/lp12bz11.pdf"; VariantName = "[No Variations]"
Add component (AddParameter): Name = "MPN"; Value = "IHLP1212BZER1R0M11"; VariantName = "[No Variations]"
Added Component: Designator=L2_2.5V(INDP3030X20M)
Add component (AddParameter): Name = "ComponentLink1Description"; Value = "Datasheet"; VariantName = "[No Variations]"
Add component (AddParameter): Name = "ComponentLink1URL"; Value = "https://www.vishay.com/docs/34289/lp12bz11.pdf"; VariantName = "[No Variations]"
Add component (AddParameter): Name = "MPN"; Value = "IHLP1212BZER1R0M11"; VariantName = "[No Variations]"
Added Component: Designator=L2_3.3V(INDP3030X20M)
Add component (AddParameter): Name = "ComponentLink1Description"; Value = "Datasheet"; VariantName = "[No Variations]"
Add component (AddParameter): Name = "ComponentLink1URL"; Value = "https://www.vishay.com/docs/34289/lp12bz11.pdf"; VariantName = "[No Variations]"
Add component (AddParameter): Name = "MPN"; Value = "IHLP1212BZER1R0M11"; VariantName = "[No Variations]"
Added Component: Designator=L2_5V(INDP3030X20M)
Add component (AddParameter): Name = "ComponentLink1Description"; Value = "Datasheet"; VariantName = "[No Variations]"
Add component (AddParameter): Name = "ComponentLink1URL"; Value = "https://www.vishay.com/docs/34289/lp12bz11.pdf"; VariantName = "[No Variations]"
Add component (AddParameter): Name = "MPN"; Value = "IHLP1212BZER1R0M11"; VariantName = "[No Variations]"
Added Component: Designator=R1(RESC1005X04M)
Add component (AddParameter): Name = "ComponentLink1Description"; Value = "Datasheet"; VariantName = "[No Variations]"
Add component (AddParameter): Name = "ComponentLink1URL"; Value = "https://www.vishay.com/docs/20035/dcrcwe3.pdf"; VariantName = "[No Variations]"
Add component (AddParameter): Name = "MPN"; Value = "CRCW0402787KFKED"; VariantName = "[No Variations]"
Added Component: Designator=R2(RESC1005X04M)
Add component (AddParameter): Name = "ComponentLink1Description"; Value = "Datasheet"; VariantName = "[No Variations]"
Add component (AddParameter): Name = "ComponentLink1URL"; Value = "https://www.seielect.com/Catalog/SEI-RMCF_RMCP.pdf"; VariantName = "[No Variations]"
Add component (AddParameter): Name = "MPN"; Value = "RMCF0402FT470K"; VariantName = "[No Variations]"
Added Component: Designator=R3(RESC1005X04M)
Add component (AddParameter): Name = "ComponentLink1Description"; Value = "Datasheet"; VariantName = "[No Variations]"
Add component (AddParameter): Name = "ComponentLink1URL"; Value = "https://www.vishay.com/docs/20035/dcrcwe3.pdf"; VariantName = "[No Variations]"
Add component (AddParameter): Name = "MPN"; Value = "CRCW0402316KFKED"; VariantName = "[No Variations]"
Added Component: Designator=R4(RESC1005X04M)
Add component (AddParameter): Name = "ComponentLink1Description"; Value = "Datasheet"; VariantName = "[No Variations]"
Add component (AddParameter): Name = "ComponentLink1URL"; Value = "https://www.vishay.com/docs/20035/dcrcwe3.pdf"; VariantName = "[No Variations]"
Add component (AddParameter): Name = "MPN"; Value = "CRCW0402187KFKED"; VariantName = "[No Variations]"
Added Component: Designator=R5_1.8V(RESC1005X04M)
Add component (AddParameter): Name = "ComponentLink1Description"; Value = "Datasheet"; VariantName = "[No Variations]"
Add component (AddParameter): Name = "ComponentLink1URL"; Value = "https://www.seielect.com/Catalog/SEI-RMCF_RMCP.pdf"; VariantName = "[No Variations]"
Add component (AddParameter): Name = "MPN"; Value = "RMCF0402FT470K"; VariantName = "[No Variations]"
Added Component: Designator=R5_2.5V(RESC1005X04M)
Add component (AddParameter): Name = "ComponentLink1Description"; Value = "Datasheet"; VariantName = "[No Variations]"
Add component (AddParameter): Name = "ComponentLink1URL"; Value = "https://www.seielect.com/Catalog/SEI-RMCF_RMCP.pdf"; VariantName = "[No Variations]"
Add component (AddParameter): Name = "MPN"; Value = "RMCF0402FT470K"; VariantName = "[No Variations]"
Added Component: Designator=R5_3.3V(RESC1005X04M)
Add component (AddParameter): Name = "ComponentLink1Description"; Value = "Datasheet"; VariantName = "[No Variations]"
Add component (AddParameter): Name = "ComponentLink1URL"; Value = "https://www.seielect.com/Catalog/SEI-RMCF_RMCP.pdf"; VariantName = "[No Variations]"
Add component (AddParameter): Name = "MPN"; Value = "RMCF0402FT470K"; VariantName = "[No Variations]"
Added Component: Designator=R5_5V(RESC1005X04M)
Add component (AddParameter): Name = "ComponentLink1Description"; Value = "Datasheet"; VariantName = "[No Variations]"
Add component (AddParameter): Name = "ComponentLink1URL"; Value = "https://www.seielect.com/Catalog/SEI-RMCF_RMCP.pdf"; VariantName = "[No Variations]"
Add component (AddParameter): Name = "MPN"; Value = "RMCF0402FT470K"; VariantName = "[No Variations]"
Added Component: Designator=R6_1.8V(RESC1005X04M)
Add component (AddParameter): Name = "ComponentLink1Description"; Value = "Datasheet"; VariantName = "[No Variations]"
Add component (AddParameter): Name = "ComponentLink1URL"; Value = "https://www.vishay.com/docs/20035/dcrcwe3.pdf"; VariantName = "[No Variations]"
Add component (AddParameter): Name = "MPN"; Value = "CRCW0402150KFKED"; VariantName = "[No Variations]"
Added Component: Designator=R6_2.5V(RESC1005X04M)
Add component (AddParameter): Name = "ComponentLink1Description"; Value = "Datasheet"; VariantName = "[No Variations]"
Add component (AddParameter): Name = "ComponentLink1URL"; Value = "https://www.vishay.com/docs/20035/dcrcwe3.pdf"; VariantName = "[No Variations]"
Add component (AddParameter): Name = "MPN"; Value = "CRCW0402150KFKED"; VariantName = "[No Variations]"
Added Component: Designator=R6_3.3V(RESC1005X04M)
Add component (AddParameter): Name = "ComponentLink1Description"; Value = "Datasheet"; VariantName = "[No Variations]"
Add component (AddParameter): Name = "ComponentLink1URL"; Value = "https://www.vishay.com/docs/20035/dcrcwe3.pdf"; VariantName = "[No Variations]"
Add component (AddParameter): Name = "MPN"; Value = "CRCW0402150KFKED"; VariantName = "[No Variations]"
Added Component: Designator=R6_5V(RESC1005X04M)
Add component (AddParameter): Name = "ComponentLink1Description"; Value = "Datasheet"; VariantName = "[No Variations]"
Add component (AddParameter): Name = "ComponentLink1URL"; Value = "https://www.vishay.com/docs/20035/dcrcwe3.pdf"; VariantName = "[No Variations]"
Add component (AddParameter): Name = "MPN"; Value = "CRCW0402150KFKED"; VariantName = "[No Variations]"
Added Component: Designator=U1_1.8V(BGA24C50P4X6_210X310X62)
Add component (AddParameter): Name = "ComponentLink1Description"; Value = "Datasheet"; VariantName = "[No Variations]"
Add component (AddParameter): Name = "ComponentLink1URL"; Value = "https://www.ti.com/general/docs/suppproductinfo.tsp?distId=10&gotoUrl=https%3A%2F%2Fwww.ti.com%2Flit%2Fgpn%2Ftps62180"; VariantName = "[No Variations]"
Add component (AddParameter): Name = "MPN"; Value = "TPS62180YZFT"; VariantName = "[No Variations]"
Added Component: Designator=U1_2.5V(BGA24C50P4X6_210X310X62)
Add component (AddParameter): Name = "ComponentLink1Description"; Value = "Datasheet"; VariantName = "[No Variations]"
Add component (AddParameter): Name = "ComponentLink1URL"; Value = "https://www.ti.com/general/docs/suppproductinfo.tsp?distId=10&gotoUrl=https%3A%2F%2Fwww.ti.com%2Flit%2Fgpn%2Ftps62180"; VariantName = "[No Variations]"
Add component (AddParameter): Name = "MPN"; Value = "TPS62180YZFT"; VariantName = "[No Variations]"
Added Component: Designator=U1_3.3V(BGA24C50P4X6_210X310X62)
Add component (AddParameter): Name = "ComponentLink1Description"; Value = "Datasheet"; VariantName = "[No Variations]"
Add component (AddParameter): Name = "ComponentLink1URL"; Value = "https://www.ti.com/general/docs/suppproductinfo.tsp?distId=10&gotoUrl=https%3A%2F%2Fwww.ti.com%2Flit%2Fgpn%2Ftps62180"; VariantName = "[No Variations]"
Add component (AddParameter): Name = "MPN"; Value = "TPS62180YZFT"; VariantName = "[No Variations]"
Added Component: Designator=U1_5V(BGA24C50P4X6_210X310X62)
Add component (AddParameter): Name = "ComponentLink1Description"; Value = "Datasheet"; VariantName = "[No Variations]"
Add component (AddParameter): Name = "ComponentLink1URL"; Value = "https://www.ti.com/general/docs/suppproductinfo.tsp?distId=10&gotoUrl=https%3A%2F%2Fwww.ti.com%2Flit%2Fgpn%2Ftps62180"; VariantName = "[No Variations]"
Add component (AddParameter): Name = "MPN"; Value = "TPS62180YZFT"; VariantName = "[No Variations]"
Added Pin To Net: NetName=+1V8 Pin=F8-2
Added Pin To Net: NetName=+1V8 Pin=J4-4
Added Pin To Net: NetName=+1V8 Pin=J4-8
Added Net: Name=+1V8
Added Pin To Net: NetName=+2V5 Pin=F6-2
Added Pin To Net: NetName=+2V5 Pin=J4-1
Added Pin To Net: NetName=+2V5 Pin=J4-5
Added Net: Name=+2V5
Added Pin To Net: NetName=+3V3 Pin=F4-2
Added Pin To Net: NetName=+3V3 Pin=J1-4
Added Pin To Net: NetName=+3V3 Pin=J1-8
Added Net: Name=+3V3
Added Pin To Net: NetName=+5V Pin=F2-2
Added Pin To Net: NetName=+5V Pin=J1-1
Added Pin To Net: NetName=+5V Pin=J1-5
Added Net: Name=+5V
Added Pin To Net: NetName=+VIN Pin=F1-1
Added Pin To Net: NetName=+VIN Pin=F3-1
Added Pin To Net: NetName=+VIN Pin=F5-1
Added Pin To Net: NetName=+VIN Pin=F7-1
Added Pin To Net: NetName=+VIN Pin=J2-1
Added Pin To Net: NetName=+VIN Pin=J2-1
Added Pin To Net: NetName=+VIN Pin=J3-1
Added Pin To Net: NetName=+VIN Pin=J3-4
Added Pin To Net: NetName=+VIN Pin=J3-5
Added Pin To Net: NetName=+VIN Pin=J3-8
Added Net: Name=+VIN
Added Pin To Net: NetName=GND Pin=C1_1.8V-1
Added Pin To Net: NetName=GND Pin=C1_2.5V-1
Added Pin To Net: NetName=GND Pin=C1_3.3V-1
Added Pin To Net: NetName=GND Pin=C1_5V-1
Added Pin To Net: NetName=GND Pin=C2_1.8V-1
Added Pin To Net: NetName=GND Pin=C2_2.5V-1
Added Pin To Net: NetName=GND Pin=C2_3.3V-1
Added Pin To Net: NetName=GND Pin=C2_5V-1
Added Pin To Net: NetName=GND Pin=C3_1.8V-1
Added Pin To Net: NetName=GND Pin=C3_2.5V-1
Added Pin To Net: NetName=GND Pin=C3_3.3V-1
Added Pin To Net: NetName=GND Pin=C3_5V-1
Added Pin To Net: NetName=GND Pin=C4_1.8V-1
Added Pin To Net: NetName=GND Pin=C4_2.5V-1
Added Pin To Net: NetName=GND Pin=C4_3.3V-1
Added Pin To Net: NetName=GND Pin=C4_5V-1
Added Pin To Net: NetName=GND Pin=C5_1.8V-1
Added Pin To Net: NetName=GND Pin=C5_2.5V-1
Added Pin To Net: NetName=GND Pin=C5_3.3V-1
Added Pin To Net: NetName=GND Pin=C5_5V-1
Added Pin To Net: NetName=GND Pin=C6_1.8V-1
Added Pin To Net: NetName=GND Pin=C6_2.5V-1
Added Pin To Net: NetName=GND Pin=C6_3.3V-1
Added Pin To Net: NetName=GND Pin=C6_5V-1
Added Pin To Net: NetName=GND Pin=C7_1.8V-1
Added Pin To Net: NetName=GND Pin=C7_2.5V-1
Added Pin To Net: NetName=GND Pin=C7_3.3V-1
Added Pin To Net: NetName=GND Pin=C7_5V-1
Added Pin To Net: NetName=GND Pin=J1-2
Added Pin To Net: NetName=GND Pin=J1-3
Added Pin To Net: NetName=GND Pin=J1-6
Added Pin To Net: NetName=GND Pin=J1-7
Added Pin To Net: NetName=GND Pin=J1-SHLD
Added Pin To Net: NetName=GND Pin=J1-SHLD
Added Pin To Net: NetName=GND Pin=J1-SHLD
Added Pin To Net: NetName=GND Pin=J1-SHLD
Added Pin To Net: NetName=GND Pin=J2-2
Added Pin To Net: NetName=GND Pin=J2-2
Added Pin To Net: NetName=GND Pin=J3-2
Added Pin To Net: NetName=GND Pin=J3-3
Added Pin To Net: NetName=GND Pin=J3-6
Added Pin To Net: NetName=GND Pin=J3-7
Added Pin To Net: NetName=GND Pin=J3-SHLD
Added Pin To Net: NetName=GND Pin=J3-SHLD
Added Pin To Net: NetName=GND Pin=J3-SHLD
Added Pin To Net: NetName=GND Pin=J3-SHLD
Added Pin To Net: NetName=GND Pin=J4-2
Added Pin To Net: NetName=GND Pin=J4-3
Added Pin To Net: NetName=GND Pin=J4-6
Added Pin To Net: NetName=GND Pin=J4-7
Added Pin To Net: NetName=GND Pin=J4-SHLD
Added Pin To Net: NetName=GND Pin=J4-SHLD
Added Pin To Net: NetName=GND Pin=J4-SHLD
Added Pin To Net: NetName=GND Pin=J4-SHLD
Added Pin To Net: NetName=GND Pin=R6_1.8V-1
Added Pin To Net: NetName=GND Pin=R6_2.5V-1
Added Pin To Net: NetName=GND Pin=R6_3.3V-1
Added Pin To Net: NetName=GND Pin=R6_5V-1
Added Pin To Net: NetName=GND Pin=U1_1.8V-A3
Added Pin To Net: NetName=GND Pin=U1_1.8V-B3
Added Pin To Net: NetName=GND Pin=U1_1.8V-C3
Added Pin To Net: NetName=GND Pin=U1_1.8V-C4
Added Pin To Net: NetName=GND Pin=U1_1.8V-D3
Added Pin To Net: NetName=GND Pin=U1_1.8V-E3
Added Pin To Net: NetName=GND Pin=U1_1.8V-F3
Added Pin To Net: NetName=GND Pin=U1_2.5V-A3
Added Pin To Net: NetName=GND Pin=U1_2.5V-B3
Added Pin To Net: NetName=GND Pin=U1_2.5V-C3
Added Pin To Net: NetName=GND Pin=U1_2.5V-C4
Added Pin To Net: NetName=GND Pin=U1_2.5V-D3
Added Pin To Net: NetName=GND Pin=U1_2.5V-E3
Added Pin To Net: NetName=GND Pin=U1_2.5V-F3
Added Pin To Net: NetName=GND Pin=U1_3.3V-A3
Added Pin To Net: NetName=GND Pin=U1_3.3V-B3
Added Pin To Net: NetName=GND Pin=U1_3.3V-C3
Added Pin To Net: NetName=GND Pin=U1_3.3V-C4
Added Pin To Net: NetName=GND Pin=U1_3.3V-D3
Added Pin To Net: NetName=GND Pin=U1_3.3V-E3
Added Pin To Net: NetName=GND Pin=U1_3.3V-F3
Added Pin To Net: NetName=GND Pin=U1_5V-A3
Added Pin To Net: NetName=GND Pin=U1_5V-B3
Added Pin To Net: NetName=GND Pin=U1_5V-C3
Added Pin To Net: NetName=GND Pin=U1_5V-C4
Added Pin To Net: NetName=GND Pin=U1_5V-D3
Added Pin To Net: NetName=GND Pin=U1_5V-E3
Added Pin To Net: NetName=GND Pin=U1_5V-F3
Added Net: Name=GND
Added Pin To Net: NetName=NetC1_1.8V_2 Pin=C1_1.8V-2
Added Pin To Net: NetName=NetC1_1.8V_2 Pin=C2_1.8V-2
Added Pin To Net: NetName=NetC1_1.8V_2 Pin=F7-2
Added Pin To Net: NetName=NetC1_1.8V_2 Pin=U1_1.8V-A1
Added Pin To Net: NetName=NetC1_1.8V_2 Pin=U1_1.8V-B1
Added Pin To Net: NetName=NetC1_1.8V_2 Pin=U1_1.8V-C1
Added Pin To Net: NetName=NetC1_1.8V_2 Pin=U1_1.8V-D1
Added Pin To Net: NetName=NetC1_1.8V_2 Pin=U1_1.8V-E1
Added Pin To Net: NetName=NetC1_1.8V_2 Pin=U1_1.8V-E4
Added Pin To Net: NetName=NetC1_1.8V_2 Pin=U1_1.8V-F1
Added Net: Name=NetC1_1.8V_2
Added Pin To Net: NetName=NetC1_2.5V_2 Pin=C1_2.5V-2
Added Pin To Net: NetName=NetC1_2.5V_2 Pin=C2_2.5V-2
Added Pin To Net: NetName=NetC1_2.5V_2 Pin=U1_2.5V-A1
Added Pin To Net: NetName=NetC1_2.5V_2 Pin=U1_2.5V-B1
Added Pin To Net: NetName=NetC1_2.5V_2 Pin=U1_2.5V-C1
Added Pin To Net: NetName=NetC1_2.5V_2 Pin=U1_2.5V-D1
Added Pin To Net: NetName=NetC1_2.5V_2 Pin=U1_2.5V-E1
Added Pin To Net: NetName=NetC1_2.5V_2 Pin=U1_2.5V-E4
Added Pin To Net: NetName=NetC1_2.5V_2 Pin=U1_2.5V-F1
Added Net: Name=NetC1_2.5V_2
Added Pin To Net: NetName=NetC1_3.3V_2 Pin=C1_3.3V-2
Added Pin To Net: NetName=NetC1_3.3V_2 Pin=C2_3.3V-2
Added Pin To Net: NetName=NetC1_3.3V_2 Pin=F3-2
Added Pin To Net: NetName=NetC1_3.3V_2 Pin=U1_3.3V-A1
Added Pin To Net: NetName=NetC1_3.3V_2 Pin=U1_3.3V-B1
Added Pin To Net: NetName=NetC1_3.3V_2 Pin=U1_3.3V-C1
Added Pin To Net: NetName=NetC1_3.3V_2 Pin=U1_3.3V-D1
Added Pin To Net: NetName=NetC1_3.3V_2 Pin=U1_3.3V-E1
Added Pin To Net: NetName=NetC1_3.3V_2 Pin=U1_3.3V-E4
Added Pin To Net: NetName=NetC1_3.3V_2 Pin=U1_3.3V-F1
Added Net: Name=NetC1_3.3V_2
Added Pin To Net: NetName=NetC1_5V_2 Pin=C1_5V-2
Added Pin To Net: NetName=NetC1_5V_2 Pin=C2_5V-2
Added Pin To Net: NetName=NetC1_5V_2 Pin=F1-2
Added Pin To Net: NetName=NetC1_5V_2 Pin=U1_5V-A1
Added Pin To Net: NetName=NetC1_5V_2 Pin=U1_5V-B1
Added Pin To Net: NetName=NetC1_5V_2 Pin=U1_5V-C1
Added Pin To Net: NetName=NetC1_5V_2 Pin=U1_5V-D1
Added Pin To Net: NetName=NetC1_5V_2 Pin=U1_5V-E1
Added Pin To Net: NetName=NetC1_5V_2 Pin=U1_5V-E4
Added Pin To Net: NetName=NetC1_5V_2 Pin=U1_5V-F1
Added Net: Name=NetC1_5V_2
Added Pin To Net: NetName=NetC3_1.8V_2 Pin=C3_1.8V-2
Added Pin To Net: NetName=NetC3_1.8V_2 Pin=C4_1.8V-2
Added Pin To Net: NetName=NetC3_1.8V_2 Pin=C5_1.8V-2
Added Pin To Net: NetName=NetC3_1.8V_2 Pin=C6_1.8V-2
Added Pin To Net: NetName=NetC3_1.8V_2 Pin=F8-1
Added Pin To Net: NetName=NetC3_1.8V_2 Pin=L1_1.8V-2
Added Pin To Net: NetName=NetC3_1.8V_2 Pin=L2_1.8V-2
Added Pin To Net: NetName=NetC3_1.8V_2 Pin=R4-2
Added Pin To Net: NetName=NetC3_1.8V_2 Pin=R5_1.8V-2
Added Pin To Net: NetName=NetC3_1.8V_2 Pin=U1_1.8V-A4
Added Net: Name=NetC3_1.8V_2
Added Pin To Net: NetName=NetC3_2.5V_2 Pin=C3_2.5V-2
Added Pin To Net: NetName=NetC3_2.5V_2 Pin=C4_2.5V-2
Added Pin To Net: NetName=NetC3_2.5V_2 Pin=C5_2.5V-2
Added Pin To Net: NetName=NetC3_2.5V_2 Pin=C6_2.5V-2
Added Pin To Net: NetName=NetC3_2.5V_2 Pin=F6-1
Added Pin To Net: NetName=NetC3_2.5V_2 Pin=L1_2.5V-2
Added Pin To Net: NetName=NetC3_2.5V_2 Pin=L2_2.5V-2
Added Pin To Net: NetName=NetC3_2.5V_2 Pin=R3-2
Added Pin To Net: NetName=NetC3_2.5V_2 Pin=R5_2.5V-2
Added Pin To Net: NetName=NetC3_2.5V_2 Pin=U1_2.5V-A4
Added Net: Name=NetC3_2.5V_2
Added Pin To Net: NetName=NetC3_3.3V_2 Pin=C3_3.3V-2
Added Pin To Net: NetName=NetC3_3.3V_2 Pin=C4_3.3V-2
Added Pin To Net: NetName=NetC3_3.3V_2 Pin=C5_3.3V-2
Added Pin To Net: NetName=NetC3_3.3V_2 Pin=C6_3.3V-2
Added Pin To Net: NetName=NetC3_3.3V_2 Pin=F4-1
Added Pin To Net: NetName=NetC3_3.3V_2 Pin=L1_3.3V-2
Added Pin To Net: NetName=NetC3_3.3V_2 Pin=L2_3.3V-2
Added Pin To Net: NetName=NetC3_3.3V_2 Pin=R2-2
Added Pin To Net: NetName=NetC3_3.3V_2 Pin=R5_3.3V-2
Added Pin To Net: NetName=NetC3_3.3V_2 Pin=U1_3.3V-A4
Added Net: Name=NetC3_3.3V_2
Added Pin To Net: NetName=NetC3_5V_2 Pin=C3_5V-2
Added Pin To Net: NetName=NetC3_5V_2 Pin=C4_5V-2
Added Pin To Net: NetName=NetC3_5V_2 Pin=C5_5V-2
Added Pin To Net: NetName=NetC3_5V_2 Pin=C6_5V-2
Added Pin To Net: NetName=NetC3_5V_2 Pin=F2-1
Added Pin To Net: NetName=NetC3_5V_2 Pin=L1_5V-2
Added Pin To Net: NetName=NetC3_5V_2 Pin=L2_5V-2
Added Pin To Net: NetName=NetC3_5V_2 Pin=R1-2
Added Pin To Net: NetName=NetC3_5V_2 Pin=R5_5V-2
Added Pin To Net: NetName=NetC3_5V_2 Pin=U1_5V-A4
Added Net: Name=NetC3_5V_2
Added Pin To Net: NetName=NetC7_1.8V_2 Pin=C7_1.8V-2
Added Pin To Net: NetName=NetC7_1.8V_2 Pin=U1_1.8V-D4
Added Net: Name=NetC7_1.8V_2
Added Pin To Net: NetName=NetC7_2.5V_2 Pin=C7_2.5V-2
Added Pin To Net: NetName=NetC7_2.5V_2 Pin=U1_2.5V-D4
Added Net: Name=NetC7_2.5V_2
Added Pin To Net: NetName=NetC7_3.3V_2 Pin=C7_3.3V-2
Added Pin To Net: NetName=NetC7_3.3V_2 Pin=U1_3.3V-D4
Added Net: Name=NetC7_3.3V_2
Added Pin To Net: NetName=NetC7_5V_2 Pin=C7_5V-2
Added Pin To Net: NetName=NetC7_5V_2 Pin=U1_5V-D4
Added Net: Name=NetC7_5V_2
Added Pin To Net: NetName=NetL1_1.8V_1 Pin=L1_1.8V-1
Added Pin To Net: NetName=NetL1_1.8V_1 Pin=U1_1.8V-A2
Added Pin To Net: NetName=NetL1_1.8V_1 Pin=U1_1.8V-B2
Added Pin To Net: NetName=NetL1_1.8V_1 Pin=U1_1.8V-C2
Added Net: Name=NetL1_1.8V_1
Added Pin To Net: NetName=NetL1_2.5V_1 Pin=L1_2.5V-1
Added Pin To Net: NetName=NetL1_2.5V_1 Pin=U1_2.5V-A2
Added Pin To Net: NetName=NetL1_2.5V_1 Pin=U1_2.5V-B2
Added Pin To Net: NetName=NetL1_2.5V_1 Pin=U1_2.5V-C2
Added Net: Name=NetL1_2.5V_1
Added Pin To Net: NetName=NetL1_3.3V_1 Pin=L1_3.3V-1
Added Pin To Net: NetName=NetL1_3.3V_1 Pin=U1_3.3V-A2
Added Pin To Net: NetName=NetL1_3.3V_1 Pin=U1_3.3V-B2
Added Pin To Net: NetName=NetL1_3.3V_1 Pin=U1_3.3V-C2
Added Net: Name=NetL1_3.3V_1
Added Pin To Net: NetName=NetL1_5V_1 Pin=L1_5V-1
Added Pin To Net: NetName=NetL1_5V_1 Pin=U1_5V-A2
Added Pin To Net: NetName=NetL1_5V_1 Pin=U1_5V-B2
Added Pin To Net: NetName=NetL1_5V_1 Pin=U1_5V-C2
Added Net: Name=NetL1_5V_1
Added Pin To Net: NetName=NetL2_1.8V_1 Pin=L2_1.8V-1
Added Pin To Net: NetName=NetL2_1.8V_1 Pin=U1_1.8V-D2
Added Pin To Net: NetName=NetL2_1.8V_1 Pin=U1_1.8V-E2
Added Pin To Net: NetName=NetL2_1.8V_1 Pin=U1_1.8V-F2
Added Net: Name=NetL2_1.8V_1
Added Pin To Net: NetName=NetL2_2.5V_1 Pin=L2_2.5V-1
Added Pin To Net: NetName=NetL2_2.5V_1 Pin=U1_2.5V-D2
Added Pin To Net: NetName=NetL2_2.5V_1 Pin=U1_2.5V-E2
Added Pin To Net: NetName=NetL2_2.5V_1 Pin=U1_2.5V-F2
Added Net: Name=NetL2_2.5V_1
Added Pin To Net: NetName=NetL2_3.3V_1 Pin=L2_3.3V-1
Added Pin To Net: NetName=NetL2_3.3V_1 Pin=U1_3.3V-D2
Added Pin To Net: NetName=NetL2_3.3V_1 Pin=U1_3.3V-E2
Added Pin To Net: NetName=NetL2_3.3V_1 Pin=U1_3.3V-F2
Added Net: Name=NetL2_3.3V_1
Added Pin To Net: NetName=NetL2_5V_1 Pin=L2_5V-1
Added Pin To Net: NetName=NetL2_5V_1 Pin=U1_5V-D2
Added Pin To Net: NetName=NetL2_5V_1 Pin=U1_5V-E2
Added Pin To Net: NetName=NetL2_5V_1 Pin=U1_5V-F2
Added Net: Name=NetL2_5V_1
Added Pin To Net: NetName=NetR1_1 Pin=R1-1
Added Pin To Net: NetName=NetR1_1 Pin=R6_5V-2
Added Pin To Net: NetName=NetR1_1 Pin=U1_5V-B4
Added Net: Name=NetR1_1
Added Pin To Net: NetName=NetR2_1 Pin=R2-1
Added Pin To Net: NetName=NetR2_1 Pin=R6_3.3V-2
Added Pin To Net: NetName=NetR2_1 Pin=U1_3.3V-B4
Added Net: Name=NetR2_1
Added Pin To Net: NetName=NetR3_1 Pin=R3-1
Added Pin To Net: NetName=NetR3_1 Pin=R6_2.5V-2
Added Pin To Net: NetName=NetR3_1 Pin=U1_2.5V-B4
Added Net: Name=NetR3_1
Added Pin To Net: NetName=NetR4_1 Pin=R4-1
Added Pin To Net: NetName=NetR4_1 Pin=R6_1.8V-2
Added Pin To Net: NetName=NetR4_1 Pin=U1_1.8V-B4
Added Net: Name=NetR4_1
Added Pin To Net: NetName=NetR5_1.8V_1 Pin=R5_1.8V-1
Added Pin To Net: NetName=NetR5_1.8V_1 Pin=U1_1.8V-F4
Added Net: Name=NetR5_1.8V_1
Added Pin To Net: NetName=NetR5_2.5V_1 Pin=R5_2.5V-1
Added Pin To Net: NetName=NetR5_2.5V_1 Pin=U1_2.5V-F4
Added Net: Name=NetR5_2.5V_1
Added Pin To Net: NetName=NetR5_3.3V_1 Pin=R5_3.3V-1
Added Pin To Net: NetName=NetR5_3.3V_1 Pin=U1_3.3V-F4
Added Net: Name=NetR5_3.3V_1
Added Pin To Net: NetName=NetR5_5V_1 Pin=R5_5V-1
Added Pin To Net: NetName=NetR5_5V_1 Pin=U1_5V-F4
Added Net: Name=NetR5_5V_1
Added Class: Name=1.8V
Added Class: Name=2.5V
Added Class: Name=3.3V
Added Class: Name=03 TOPOLOGY
Added Class: Name=5V
Added Class: Name=04 REGULATORS
Added Room: Name=1.8V
Added Room: Name=2.5V
Added Room: Name=3.3V
Added Room: Name=03 TOPOLOGY
Added Room: Name=5V
