Change Component Comment : Designator=R8 Old Comment=47k/1% New Comment=11k/1%
Change component parameters: Designator = "R8" ("R8"); Footprint = "RESC1005X04M"; UniqueID = "\OQXJFVTO" ("\OQXJFVTO")
Change component parameters (AddParameter): Name = "ComponentLink1Description"; Value = "Datasheet"; VariantName = "[No Variations]"
Change component parameters (AddParameter): Name = "ComponentLink1URL"; Value = "https://www.yageo.com/upload/media/product/productsearch/datasheet/rchip/PYu-RC_Group_51_RoHS_L_12.pdf"; VariantName = "[No Variations]"
Change component parameters (AddParameter): Name = "MPN"; Value = "RC0402FR-0711KL"; VariantName = "[No Variations]"
Added Component: Designator=D1(LED-0603)
Add component (AddParameter): Name = "ComponentLink1Description"; Value = "Datasheet"; VariantName = "[No Variations]"
Add component (AddParameter): Name = "ComponentLink1URL"; Value = "https://optoelectronics.liteon.com/upload/download/DS22-2000-228/LTST-C191KGKT.PDF"; VariantName = "[No Variations]"
Add component (AddParameter): Name = "MPN"; Value = "LTST-C191KGKT"; VariantName = "[No Variations]"
Added Component: Designator=Q1(SOT95P230X110-3M)
Add component (AddParameter): Name = "ComponentLink1Description"; Value = "Datasheet"; VariantName = "[No Variations]"
Add component (AddParameter): Name = "ComponentLink1URL"; Value = "https://assets.nexperia.com/documents/data-sheet/BSS84AK.pdf"; VariantName = "[No Variations]"
Add component (AddParameter): Name = "MPN"; Value = "BSS84AK,215"; VariantName = "[No Variations]"
Added Component: Designator=R12(RESC1005X04M)
Add component (AddParameter): Name = "ComponentLink1Description"; Value = "Datasheet"; VariantName = "[No Variations]"
Add component (AddParameter): Name = "ComponentLink1URL"; Value = "https://www.yageo.com/upload/media/product/productsearch/datasheet/rchip/PYu-RC_Group_51_RoHS_L_12.pdf"; VariantName = "[No Variations]"
Add component (AddParameter): Name = "MPN"; Value = "RC0402FR-07750RL"; VariantName = "[No Variations]"
Added Component: Designator=R13(RESC1005X04M)
Add component (AddParameter): Name = "ComponentLink1Description"; Value = "Datasheet"; VariantName = "[No Variations]"
Add component (AddParameter): Name = "ComponentLink1URL"; Value = "https://www.yageo.com/upload/media/product/productsearch/datasheet/rchip/PYu-RC_Group_51_RoHS_L_12.pdf"; VariantName = "[No Variations]"
Add component (AddParameter): Name = "MPN"; Value = "RC0402FR-07750RL"; VariantName = "[No Variations]"
Added Pin To Net: NetName=VIN Pin=Q1-3
Added Pin To Net: NetName=VIN Pin=R8-2
Added Pin To Net: NetName=GND Pin=R13-1
Added Pin To Net: NetName=NetD1_1 Pin=D1-1
Added Pin To Net: NetName=NetD1_1 Pin=R13-2
Added Net: Name=NetD1_1
Added Pin To Net: NetName=NetD1_2 Pin=D1-2
Added Pin To Net: NetName=NetD1_2 Pin=Q1-2
Added Net: Name=NetD1_2
Added Pin To Net: NetName=NetQ1_1 Pin=Q1-1
Added Pin To Net: NetName=NetQ1_1 Pin=R8-1
Added Pin To Net: NetName=NetQ1_1 Pin=R12-2
Added Net: Name=NetQ1_1
Added Pin To Net: NetName=NetR12_1 Pin=R12-1
Added Pin To Net: NetName=NetR12_1 Pin=U2-4
Added Pin To Net: NetName=NetR12_1 Pin=U2-4
Added Net: Name=NetR12_1
Added Member To Class: ClassName=03 TOPOLOGY Member=Component D1 LTST-C191KGKT
Added Member To Class: ClassName=03 TOPOLOGY Member=Component Q1 BSS84AK,215
Added Member To Class: ClassName=03 TOPOLOGY Member=Component R12 750/1%
Added Member To Class: ClassName=03 TOPOLOGY Member=Component R13 750/1%
Added Room: Name=03 TOPOLOGY
