
Importing C:\Development\power-module\PowerModule\PDNAnalyzer_Output\PowerModule\Simulation\odb.tgz... [Fri Jul 14 10:49:41 2023]
============================================================
Reading ODB++ database ...

Reading file odb/misc/info...
Reading file odb/matrix/matrix...
Reading file odb/steps/pcb/profile...
Reading file odb/steps/pcb/eda/data...
Origin of ODB++ database:  Altium Designer file - Version 1.0.0.30000
WARNING: Ignoring I(56 time(s))
eda data: 12 packages, 37 nets.
Reading file odb/steps/pcb/layers/top_solder/features...
239 SWHs on layer TOP_SOLDER

Reading file odb/steps/pcb/layers/top_layer/features...
1348 SWHs on layer TOP_LAYER

Reading file odb/steps/pcb/layers/dielectric_1/features...
0 SWHs on layer DIELECTRIC_1

Reading file odb/steps/pcb/layers/gnd/features...
506 SWHs on layer GND

Reading file odb/steps/pcb/layers/core/features...
0 SWHs on layer CORE

Reading file odb/steps/pcb/layers/power/features...
420 SWHs on layer POWER

Reading file odb/steps/pcb/layers/dielectric_2/features...
0 SWHs on layer DIELECTRIC_2

Reading file odb/steps/pcb/layers/bottom_layer/features...
1008 SWHs on layer BOTTOM_LAYER

Reading file odb/steps/pcb/layers/bottom_solder/features...
60 SWHs on layer BOTTOM_SOLDER

Reading file odb/steps/pcb/layers/top_solder/attrlist...
Reading file odb/steps/pcb/layers/top_layer/attrlist...
Reading file odb/steps/pcb/layers/dielectric_1/attrlist...
Reading file odb/steps/pcb/layers/gnd/attrlist...
Reading file odb/steps/pcb/layers/core/attrlist...
Reading file odb/steps/pcb/layers/power/attrlist...
Reading file odb/steps/pcb/layers/dielectric_2/attrlist...
Reading file odb/steps/pcb/layers/bottom_layer/attrlist...
Reading file odb/steps/pcb/layers/bottom_solder/attrlist...
WARNING: material values were set to default due to missing information for the following layers:  'TOP_SOLDER', 'TOP_LAYER', 'DIELECTRIC_1', 'GND', 'CORE', 'POWER', 'DIELECTRIC_2', 'BOTTOM_LAYER', 'BOTTOM_SOLDER'
parsing drills TOP_LAYER-BOTTOM_LAYER
Reading file odb/steps/pcb/layers/drill_non-plated_bottom-top/features...
parsing drills TOP_LAYER-BOTTOM_LAYER
Reading file odb/steps/pcb/layers/drill_plated_bottom-top/features...
Reading file odb/steps/pcb/layers/comp_+_top/components...
Reading file odb/steps/pcb/layers/comp_+_bot/components...
INFO: 4 duplicate vertices ignored
========================================
INFO: Created CSV file (C:\Development\power-module\PowerModule\PDNAnalyzer_Output\PowerModule\Simulation\Results-1\tmp\design.csv) with component properties extracted from ODB++ file.
========================================
========================================
Lumped-element import (C:\Development\power-module\PowerModule\PDNAnalyzer_Output\PowerModule\Simulation\Results-1\tmp\design.csv)...
Detected ' ; ' as separator.

Value-string translations:
	1.3nF/50V ->  1.3 nF (C)
	11k/1% ->  11.0 kOhms (R)
	150k/1% ->  150.0 kOhms (R)
	187k/1% ->  187.0 kOhms (R)
	1uH/24mOhm ->  1.0 uH (L)
	2.7nF/25V ->  2.7 nF (C)
	220uF/16V ->  220.0 uF (C)
	22uF/25V ->  22.0 uF (C)
	316k/1% ->  316.0 kOhms (R)
	470k/1% ->  470.0 kOhms (R)
	47k/1% ->  47.0 kOhms (R)
	47uF/6.3V ->  47.0 uF (C)
	5.6nF/16V ->  5.6 nF (C)
	750/1% ->  750.0 Ohms (R)
	787k/1% ->  787.0 kOhms (R)
========================================
Auto-imported CSV-file 'C:\Development\power-module\PowerModule\PDNAnalyzer_Output\PowerModule\Simulation\Results-1\tmp\design.csv'.
========================================
Unifying library padstacks...
Finished reading database.
============================================================
